2026-02-13 20:27:03 | INFO    | [DASHBOARD] Dashboard running at http://localhost:5000
2026-02-13 20:27:03 | INFO    | [ENGINE] ═══ SPX 0DTE Mean Reversion Engine Starting ═══
2026-02-13 20:27:03 | INFO    | [ENGINE] Environment: SIM
2026-02-13 20:27:03 | INFO    | [ENGINE] Account: SIM3170696M
2026-02-13 20:27:03 | INFO    | [AUTH] Token refreshed successfully
2026-02-13 20:27:04 | INFO    | [ENGINE] Account balance: $1,098,991.00
2026-02-13 20:27:04 | INFO    | [CALENDAR] Economic events today: CPI Release (Possible), PPI Release (Possible)
2026-02-13 20:27:04 | INFO    | [DATA] Loading historical 5-min bars...
2026-02-13 20:27:04 | INFO    | [DATA] Loaded 100 bars, indicators computed
2026-02-13 20:27:04 | INFO    | [STREAM] Opening bar stream for $SPX.X (5min)
2026-02-13 20:27:04 | INFO    | [ENGINE] Started thread: BarStream
2026-02-13 20:27:04 | INFO    | [STREAM] Opening order stream
2026-02-13 20:27:04 | INFO    | [ENGINE] Started thread: OrderStream
2026-02-13 20:27:04 | INFO    | [ENGINE] Started thread: PosMon
2026-02-13 20:27:04 | INFO    | [SUMMARY] 📊 *Daily Summary*
Trades: 0 | Wins: 0 | Losses: 0
Win Rate: 0%
Daily P/L: $+0.00
Account: $1,098,991.00
2026-02-13 20:27:04 | INFO    | [ENGINE] Started thread: Heartbeat
2026-02-13 20:27:04 | INFO    | [ENGINE] All threads started — engine is LIVE
2026-02-13 20:27:04 | INFO    | [STREAM] Bar stream connected
2026-02-13 20:27:04 | INFO    | [STREAM] Order stream connected
2026-02-13 20:27:28 | INFO    | [ENGINE] Keyboard interrupt — shutting down
2026-02-13 20:27:28 | INFO    | [ENGINE] Engine stop requested
2026-02-13 20:28:46 | INFO    | [DASHBOARD] Dashboard running at http://localhost:5000
2026-02-13 20:28:46 | INFO    | [ENGINE] ═══ SPX 0DTE Mean Reversion Engine Starting ═══
2026-02-13 20:28:46 | INFO    | [ENGINE] Environment: SIM
2026-02-13 20:28:46 | INFO    | [ENGINE] Account: SIM3170696M
2026-02-13 20:28:47 | INFO    | [AUTH] Token refreshed successfully
2026-02-13 20:28:47 | INFO    | [ENGINE] Account balance: $1,098,963.00
2026-02-13 20:28:47 | INFO    | [CALENDAR] Economic events today: CPI Release (Possible), PPI Release (Possible)
2026-02-13 20:28:47 | INFO    | [DATA] Loading historical 5-min bars...
2026-02-13 20:28:47 | INFO    | [DATA] Loaded 100 bars, indicators computed
2026-02-13 20:28:47 | INFO    | [STREAM] Opening bar stream for $SPX.X (5min)
2026-02-13 20:28:47 | INFO    | [ENGINE] Started thread: BarStream
2026-02-13 20:28:47 | INFO    | [STREAM] Opening order stream
2026-02-13 20:28:47 | INFO    | [ENGINE] Started thread: OrderStream
2026-02-13 20:28:47 | INFO    | [ENGINE] Started thread: PosMon
2026-02-13 20:28:47 | INFO    | [SUMMARY] 📊 *Daily Summary*
Trades: 0 | Wins: 0 | Losses: 0
Win Rate: 0%
Daily P/L: $+0.00
Account: $1,098,963.00
2026-02-13 20:28:47 | INFO    | [ENGINE] Started thread: Heartbeat
2026-02-13 20:28:47 | INFO    | [ENGINE] All threads started — engine is LIVE
2026-02-13 20:28:47 | INFO    | [STREAM] Bar stream connected
2026-02-13 20:28:47 | INFO    | [STREAM] Order stream connected
2026-02-13 20:29:11 | INFO    | [ENGINE] Keyboard interrupt — shutting down
2026-02-13 20:29:11 | INFO    | [ENGINE] Engine stop requested
2026-02-13 20:30:29 | INFO    | [DASHBOARD] Dashboard running at http://localhost:5000
2026-02-13 20:30:29 | INFO    | [ENGINE] ═══ SPX 0DTE Mean Reversion Engine Starting ═══
2026-02-13 20:30:29 | INFO    | [ENGINE] Environment: SIM
2026-02-13 20:30:29 | INFO    | [ENGINE] Account: SIM3170696M
2026-02-13 20:30:29 | INFO    | [AUTH] Token refreshed successfully
2026-02-13 20:30:29 | INFO    | [ENGINE] Account balance: $1,098,963.00
2026-02-13 20:30:29 | INFO    | [CALENDAR] Economic events today: CPI Release (Possible), PPI Release (Possible)
2026-02-13 20:30:29 | INFO    | [DATA] Loading historical 5-min bars...
2026-02-13 20:30:29 | INFO    | [DATA] Loaded 100 bars, indicators computed
2026-02-13 20:30:29 | INFO    | [STREAM] Opening bar stream for $SPX.X (5min)
2026-02-13 20:30:29 | INFO    | [ENGINE] Started thread: BarStream
2026-02-13 20:30:29 | INFO    | [STREAM] Opening order stream
2026-02-13 20:30:29 | INFO    | [ENGINE] Started thread: OrderStream
2026-02-13 20:30:29 | INFO    | [ENGINE] Started thread: PosMon
2026-02-13 20:30:29 | INFO    | [SUMMARY] 📊 *Daily Summary*
Trades: 0 | Wins: 0 | Losses: 0
Win Rate: 0%
Daily P/L: $+0.00
Account: $1,098,963.00
2026-02-13 20:30:29 | INFO    | [ENGINE] Started thread: Heartbeat
2026-02-13 20:30:29 | INFO    | [ENGINE] All threads started — engine is LIVE
2026-02-13 20:30:30 | INFO    | [STREAM] Bar stream connected
2026-02-13 20:30:30 | INFO    | [STREAM] Order stream connected
2026-02-13 20:32:07 | INFO    | [ENGINE] Keyboard interrupt — shutting down
2026-02-13 20:32:07 | INFO    | [ENGINE] Engine stop requested
2026-02-13 20:32:11 | INFO    | [DASHBOARD] Dashboard running at http://localhost:5000
2026-02-13 20:32:11 | INFO    | [ENGINE] ═══ SPX 0DTE Mean Reversion Engine Starting ═══
2026-02-13 20:32:11 | INFO    | [ENGINE] Environment: SIM
2026-02-13 20:32:11 | INFO    | [ENGINE] Account: SIM3170696M
2026-02-13 20:32:12 | INFO    | [AUTH] Token refreshed successfully
2026-02-13 20:32:12 | INFO    | [ENGINE] Account balance: $1,098,963.00
2026-02-13 20:32:12 | INFO    | [CALENDAR] Economic events today: CPI Release (Possible), PPI Release (Possible)
2026-02-13 20:32:12 | INFO    | [DATA] Loading historical 5-min bars...
2026-02-13 20:32:12 | INFO    | [DATA] Loaded 100 bars, indicators computed
2026-02-13 20:32:12 | INFO    | [STREAM] Opening bar stream for $SPX.X (5min)
2026-02-13 20:32:12 | INFO    | [ENGINE] Started thread: BarStream
2026-02-13 20:32:12 | INFO    | [STREAM] Opening order stream
2026-02-13 20:32:12 | INFO    | [ENGINE] Started thread: OrderStream
2026-02-13 20:32:12 | INFO    | [ENGINE] Started thread: PosMon
2026-02-13 20:32:12 | INFO    | [SUMMARY] 📊 *Daily Summary*
Trades: 0 | Wins: 0 | Losses: 0
Win Rate: 0%
Daily P/L: $+0.00
Account: $1,098,963.00
2026-02-13 20:32:12 | INFO    | [ENGINE] Started thread: Heartbeat
2026-02-13 20:32:12 | INFO    | [ENGINE] All threads started — engine is LIVE
2026-02-13 20:32:12 | INFO    | [STREAM] Bar stream connected
2026-02-13 20:32:12 | INFO    | [STREAM] Order stream connected
2026-02-13 21:14:03 | INFO    | [ENGINE] Keyboard interrupt — shutting down
2026-02-13 21:14:03 | INFO    | [ENGINE] Engine stop requested
2026-02-13 21:14:05 | INFO    | [DASHBOARD] Dashboard running at http://localhost:5000
2026-02-13 21:14:05 | INFO    | [ENGINE] ═══ SPX 0DTE Mean Reversion Engine Starting ═══
2026-02-13 21:14:05 | INFO    | [ENGINE] Environment: SIM
2026-02-13 21:14:05 | INFO    | [ENGINE] Account: SIM3170696M
2026-02-13 21:14:06 | INFO    | [AUTH] Token refreshed successfully
2026-02-13 21:14:06 | INFO    | [ENGINE] Account balance: $1,098,738.00
2026-02-13 21:14:06 | INFO    | [CALENDAR] Economic events today: CPI Release (Possible), PPI Release (Possible)
2026-02-13 21:14:06 | INFO    | [DATA] Loading historical 5-min bars...
2026-02-13 21:14:06 | INFO    | [DATA] Loaded 100 bars, indicators computed
2026-02-13 21:14:06 | INFO    | [STREAM] Opening bar stream for $SPX.X (5min)
2026-02-13 21:14:06 | INFO    | [ENGINE] Started thread: BarStream
2026-02-13 21:14:06 | INFO    | [STREAM] Opening order stream
2026-02-13 21:14:06 | INFO    | [ENGINE] Started thread: OrderStream
2026-02-13 21:14:06 | INFO    | [ENGINE] Started thread: PosMon
2026-02-13 21:14:06 | INFO    | [SUMMARY] 📊 *Daily Summary*
Trades: 0 | Wins: 0 | Losses: 0
Win Rate: 0%
Daily P/L: $+0.00
Account: $1,098,738.00
2026-02-13 21:14:06 | INFO    | [ENGINE] Started thread: Heartbeat
2026-02-13 21:14:06 | INFO    | [ENGINE] All threads started — engine is LIVE
2026-02-13 21:14:06 | INFO    | [STREAM] Bar stream connected
2026-02-13 21:14:06 | INFO    | [STREAM] Order stream connected
2026-02-13 21:16:54 | INFO    | [ENGINE] Keyboard interrupt — shutting down
2026-02-13 21:16:54 | INFO    | [ENGINE] Engine stop requested
2026-02-13 21:16:58 | INFO    | [DASHBOARD] Dashboard running at http://localhost:5000
2026-02-13 21:16:58 | INFO    | [ENGINE] ═══ SPX 0DTE Mean Reversion Engine Starting ═══
2026-02-13 21:16:58 | INFO    | [ENGINE] Environment: SIM
2026-02-13 21:16:58 | INFO    | [ENGINE] Account: SIM3170696M
2026-02-13 21:16:58 | INFO    | [AUTH] Token refreshed successfully
2026-02-13 21:16:58 | INFO    | [ENGINE] Account balance: $1,098,813.00
2026-02-13 21:16:58 | INFO    | [CALENDAR] Economic events today: CPI Release (Possible), PPI Release (Possible)
2026-02-13 21:16:58 | INFO    | [DATA] Loading historical 5-min bars...
2026-02-13 21:16:58 | INFO    | [DATA] Loaded 100 bars, indicators computed
2026-02-13 21:16:58 | INFO    | [STREAM] Opening bar stream for $SPX.X (5min)
2026-02-13 21:16:58 | INFO    | [ENGINE] Started thread: BarStream
2026-02-13 21:16:58 | INFO    | [STREAM] Opening order stream
2026-02-13 21:16:58 | INFO    | [ENGINE] Started thread: OrderStream
2026-02-13 21:16:58 | INFO    | [ENGINE] Started thread: PosMon
2026-02-13 21:16:58 | INFO    | [SUMMARY] 📊 *Daily Summary*
Trades: 0 | Wins: 0 | Losses: 0
Win Rate: 0%
Daily P/L: $+0.00
Account: $1,098,813.00
2026-02-13 21:16:58 | INFO    | [ENGINE] Started thread: Heartbeat
2026-02-13 21:16:58 | INFO    | [ENGINE] All threads started — engine is LIVE
2026-02-13 21:16:59 | INFO    | [STREAM] Bar stream connected
2026-02-13 21:16:59 | INFO    | [STREAM] Order stream connected
2026-02-13 21:17:11 | INFO    | [ENGINE] Keyboard interrupt — shutting down
2026-02-13 21:17:11 | INFO    | [ENGINE] Engine stop requested
2026-02-13 21:25:27 | INFO    | [DASHBOARD] Dashboard running at http://localhost:5000
2026-02-13 21:25:27 | INFO    | [ENGINE] ═══ SPX 0DTE Mean Reversion Engine Starting ═══
2026-02-13 21:25:27 | INFO    | [ENGINE] Environment: SIM
2026-02-13 21:25:27 | INFO    | [ENGINE] Account: SIM3170696M
2026-02-13 21:25:27 | INFO    | [AUTH] Token refreshed successfully
2026-02-13 21:25:27 | INFO    | [ENGINE] Account balance: $1,098,453.00
2026-02-13 21:25:27 | INFO    | [CALENDAR] Economic events today: CPI Release (Possible), PPI Release (Possible)
2026-02-13 21:25:27 | INFO    | [DATA] Loading historical 5-min bars...
2026-02-13 21:25:27 | INFO    | [DATA] Loaded 100 bars, indicators computed
2026-02-13 21:25:27 | INFO    | [STREAM] Opening bar stream for $SPX.X (5min)
2026-02-13 21:25:27 | INFO    | [ENGINE] Started thread: BarStream
2026-02-13 21:25:27 | INFO    | [STREAM] Opening order stream
2026-02-13 21:25:27 | INFO    | [ENGINE] Started thread: OrderStream
2026-02-13 21:25:27 | INFO    | [ENGINE] Started thread: PosMon
2026-02-13 21:25:27 | INFO    | [SUMMARY] 📊 *Daily Summary*
Trades: 0 | Wins: 0 | Losses: 0
Win Rate: 0%
Daily P/L: $+0.00
Account: $1,098,453.00
2026-02-13 21:25:27 | INFO    | [ENGINE] Started thread: Heartbeat
2026-02-13 21:25:27 | INFO    | [ENGINE] All threads started — engine is LIVE
2026-02-13 21:25:27 | INFO    | [STREAM] Bar stream connected
2026-02-13 21:25:27 | INFO    | [STREAM] Order stream connected
2026-02-13 21:28:22 | INFO    | [ENGINE] Keyboard interrupt — shutting down
2026-02-13 21:28:22 | INFO    | [ENGINE] Engine stop requested
2026-02-13 21:28:26 | INFO    | [DASHBOARD] Dashboard running at http://localhost:5000
2026-02-13 21:28:26 | INFO    | [ENGINE] ═══ SPX 0DTE Mean Reversion Engine Starting ═══
2026-02-13 21:28:26 | INFO    | [ENGINE] Environment: SIM
2026-02-13 21:28:26 | INFO    | [ENGINE] Account: SIM3170696M
2026-02-13 21:28:26 | INFO    | [AUTH] Token refreshed successfully
2026-02-13 21:28:26 | INFO    | [ENGINE] Account balance: $1,098,303.00
2026-02-13 21:28:26 | INFO    | [CALENDAR] Economic events today: CPI Release (Possible), PPI Release (Possible)
2026-02-13 21:28:26 | INFO    | [DATA] Loading historical 5-min bars...
2026-02-13 21:28:26 | INFO    | [DATA] Loaded 100 bars, indicators computed
2026-02-13 21:28:26 | INFO    | [STREAM] Opening bar stream for $SPX.X (5min)
2026-02-13 21:28:26 | INFO    | [ENGINE] Started thread: BarStream
2026-02-13 21:28:26 | INFO    | [STREAM] Opening order stream
2026-02-13 21:28:26 | INFO    | [ENGINE] Started thread: OrderStream
2026-02-13 21:28:26 | INFO    | [ENGINE] Started thread: PosMon
2026-02-13 21:28:26 | INFO    | [SUMMARY] 📊 *Daily Summary*
Trades: 0 | Wins: 0 | Losses: 0
Win Rate: 0%
Daily P/L: $+0.00
Account: $1,098,303.00
2026-02-13 21:28:26 | INFO    | [ENGINE] Started thread: Heartbeat
2026-02-13 21:28:26 | INFO    | [ENGINE] All threads started — engine is LIVE
2026-02-13 21:28:26 | INFO    | [STREAM] Bar stream connected
2026-02-13 21:28:27 | INFO    | [STREAM] Order stream connected
2026-02-13 21:30:41 | INFO    | [ENGINE] Keyboard interrupt — shutting down
2026-02-13 21:30:41 | INFO    | [ENGINE] Engine stop requested
2026-02-13 21:30:51 | INFO    | [DASHBOARD] Dashboard running at http://localhost:5000
2026-02-13 21:30:51 | INFO    | [ENGINE] ═══ SPX 0DTE Mean Reversion Engine Starting ═══
2026-02-13 21:30:51 | INFO    | [ENGINE] Environment: SIM
2026-02-13 21:30:51 | INFO    | [ENGINE] Account: SIM3170696M
2026-02-13 21:30:51 | INFO    | [AUTH] Token refreshed successfully
2026-02-13 21:30:51 | INFO    | [ENGINE] Account balance: $1,098,453.00
2026-02-13 21:30:51 | INFO    | [CALENDAR] Economic events today: CPI Release (Possible), PPI Release (Possible)
2026-02-13 21:30:51 | INFO    | [DATA] Loading historical 5-min bars...
2026-02-13 21:30:51 | INFO    | [DATA] Loaded 100 bars, indicators computed
2026-02-13 21:30:51 | INFO    | [STREAM] Opening bar stream for $SPX.X (5min)
2026-02-13 21:30:51 | INFO    | [ENGINE] Started thread: BarStream
2026-02-13 21:30:51 | INFO    | [STREAM] Opening order stream
2026-02-13 21:30:51 | INFO    | [ENGINE] Started thread: OrderStream
2026-02-13 21:30:51 | INFO    | [ENGINE] Started thread: PosMon
2026-02-13 21:30:51 | INFO    | [SUMMARY] 📊 *Daily Summary*
Trades: 0 | Wins: 0 | Losses: 0
Win Rate: 0%
Daily P/L: $+0.00
Account: $1,098,453.00
2026-02-13 21:30:51 | INFO    | [ENGINE] Started thread: Heartbeat
2026-02-13 21:30:51 | INFO    | [ENGINE] All threads started — engine is LIVE
2026-02-13 21:30:51 | INFO    | [STREAM] Bar stream connected
2026-02-13 21:31:01 | INFO    | [STREAM] Order stream connected
2026-02-13 21:31:41 | INFO    | [STREAM] Opening bar stream for $SPX.X (5min)
2026-02-13 21:31:41 | INFO    | [STREAM] Bar stream connected
2026-02-13 21:33:19 | INFO    | [ENGINE] Keyboard interrupt — shutting down
2026-02-13 21:33:19 | INFO    | [ENGINE] Engine stop requested
2026-02-13 21:55:07 | INFO    | [DASHBOARD] Dashboard running at http://localhost:5000
2026-02-13 21:55:07 | INFO    | [ENGINE] ═══ SPX 0DTE Mean Reversion Engine Starting ═══
2026-02-13 21:55:07 | INFO    | [ENGINE] Environment: SIM
2026-02-13 21:55:07 | INFO    | [ENGINE] Account: SIM3170696M
2026-02-13 21:55:07 | INFO    | [AUTH] Token refreshed successfully
2026-02-13 21:55:08 | INFO    | [ENGINE] Account balance: $1,098,453.00
2026-02-13 21:55:08 | INFO    | [CALENDAR] Economic events today: CPI Release (Possible), PPI Release (Possible)
2026-02-13 21:55:08 | INFO    | [DATA] Loading historical 5-min bars...
2026-02-13 21:55:08 | INFO    | [DATA] Loaded 100 bars, indicators computed
2026-02-13 21:55:08 | INFO    | [STREAM] Opening bar stream for $SPX.X (5min)
2026-02-13 21:55:08 | INFO    | [ENGINE] Started thread: BarStream
2026-02-13 21:55:08 | INFO    | [STREAM] Opening order stream
2026-02-13 21:55:08 | INFO    | [ENGINE] Started thread: OrderStream
2026-02-13 21:55:08 | INFO    | [ENGINE] Started thread: PosMon
2026-02-13 21:55:08 | INFO    | [SUMMARY] 📊 *Daily Summary*
Trades: 0 | Wins: 0 | Losses: 0
Win Rate: 0%
Daily P/L: $+0.00
Account: $1,098,453.00
2026-02-13 21:55:08 | INFO    | [ENGINE] Started thread: Heartbeat
2026-02-13 21:55:08 | INFO    | [ENGINE] All threads started — engine is LIVE
2026-02-13 21:55:08 | INFO    | [STREAM] Bar stream connected
2026-02-13 21:55:08 | INFO    | [STREAM] Order stream connected
2026-02-13 21:56:00 | INFO    | [ENGINE] Keyboard interrupt — shutting down
2026-02-13 21:56:00 | INFO    | [ENGINE] Engine stop requested
2026-02-14 12:33:51 | INFO    | [DASHBOARD] Dashboard running at http://localhost:5000
2026-02-14 12:33:51 | INFO    | [ENGINE] ═══ SPX 0DTE Mean Reversion Engine Starting ═══
2026-02-14 12:33:51 | INFO    | [ENGINE] Environment: SIM
2026-02-14 12:33:51 | INFO    | [ENGINE] Account: SIM3170696M
2026-02-14 12:33:51 | INFO    | [AUTH] Token refreshed successfully
2026-02-14 12:33:51 | INFO    | [ENGINE] Account balance: $1,098,303.00
2026-02-14 12:33:51 | INFO    | [DATA] Loading historical 5-min bars...
2026-02-14 12:33:51 | INFO    | [DATA] Loaded 100 bars, indicators computed
2026-02-14 12:33:51 | INFO    | [STREAM] Opening bar stream for $SPX.X (5min)
2026-02-14 12:33:51 | INFO    | [ENGINE] Started thread: BarStream
2026-02-14 12:33:51 | INFO    | [STREAM] Opening order stream
2026-02-14 12:33:51 | INFO    | [ENGINE] Started thread: OrderStream
2026-02-14 12:33:51 | INFO    | [ENGINE] Started thread: PosMon
2026-02-14 12:33:51 | INFO    | [ENGINE] Started thread: Heartbeat
2026-02-14 12:33:51 | INFO    | [ENGINE] All threads started — engine is LIVE
2026-02-14 12:33:51 | INFO    | [STREAM] Bar stream connected
2026-02-14 12:33:51 | INFO    | [STREAM] Order stream connected
2026-02-14 12:35:49 | INFO    | [ENGINE] Keyboard interrupt — shutting down
2026-02-14 12:35:49 | INFO    | [ENGINE] Engine stop requested
2026-02-14 12:35:58 | INFO    | [DASHBOARD] Dashboard running at http://localhost:5000
2026-02-14 12:35:58 | INFO    | [ENGINE] ═══ SPX 0DTE Mean Reversion Engine Starting ═══
2026-02-14 12:35:58 | INFO    | [ENGINE] Environment: SIM
2026-02-14 12:35:58 | INFO    | [ENGINE] Account: SIM3170696M
2026-02-14 12:35:58 | INFO    | [AUTH] Token refreshed successfully
2026-02-14 12:35:58 | INFO    | [ENGINE] Account balance: $1,098,303.00
2026-02-14 12:35:58 | INFO    | [DATA] Loading historical 5-min bars...
2026-02-14 12:35:58 | INFO    | [DATA] Loaded 100 bars, indicators computed
2026-02-14 12:35:58 | INFO    | [STREAM] Opening bar stream for $SPX.X (5min)
2026-02-14 12:35:58 | INFO    | [ENGINE] Started thread: BarStream
2026-02-14 12:35:58 | INFO    | [STREAM] Opening order stream
2026-02-14 12:35:58 | INFO    | [ENGINE] Started thread: OrderStream
2026-02-14 12:35:58 | INFO    | [ENGINE] Started thread: PosMon
2026-02-14 12:35:58 | INFO    | [ENGINE] Started thread: Heartbeat
2026-02-14 12:35:58 | INFO    | [ENGINE] All threads started — engine is LIVE
2026-02-14 12:35:58 | INFO    | [STREAM] Bar stream connected
2026-02-14 12:36:00 | INFO    | [STREAM] Order stream connected
2026-02-14 12:36:33 | INFO    | [ENGINE] Keyboard interrupt — shutting down
2026-02-14 12:36:33 | INFO    | [ENGINE] Engine stop requested
2026-02-14 12:36:39 | INFO    | [DASHBOARD] Dashboard running at http://localhost:5000
2026-02-14 12:36:39 | INFO    | [ENGINE] ═══ SPX 0DTE Mean Reversion Engine Starting ═══
2026-02-14 12:36:39 | INFO    | [ENGINE] Environment: SIM
2026-02-14 12:36:39 | INFO    | [ENGINE] Account: SIM3170696M
2026-02-14 12:36:39 | INFO    | [AUTH] Token refreshed successfully
2026-02-14 12:36:39 | INFO    | [ENGINE] Account balance: $1,098,303.00
2026-02-14 12:36:39 | INFO    | [DATA] Loading historical 5-min bars...
2026-02-14 12:36:39 | INFO    | [DATA] Loaded 100 bars, indicators computed
2026-02-14 12:36:39 | INFO    | [STREAM] Opening bar stream for $SPX.X (5min)
2026-02-14 12:36:39 | INFO    | [ENGINE] Started thread: BarStream
2026-02-14 12:36:39 | INFO    | [STREAM] Opening order stream
2026-02-14 12:36:39 | INFO    | [ENGINE] Started thread: OrderStream
2026-02-14 12:36:39 | INFO    | [ENGINE] Started thread: PosMon
2026-02-14 12:36:39 | INFO    | [ENGINE] Started thread: Heartbeat
2026-02-14 12:36:39 | INFO    | [ENGINE] All threads started — engine is LIVE
2026-02-14 12:36:39 | INFO    | [STREAM] Bar stream connected
2026-02-14 12:36:39 | INFO    | [STREAM] Order stream connected
2026-02-14 12:37:35 | INFO    | [ENGINE] Keyboard interrupt — shutting down
2026-02-14 12:37:35 | INFO    | [ENGINE] Engine stop requested
2026-02-14 13:28:25 | INFO    | [DASHBOARD] Dashboard running at http://localhost:5000
2026-02-14 13:28:25 | INFO    | [ENGINE] ═══ SPX 0DTE Mean Reversion Engine Starting ═══
2026-02-14 13:28:25 | INFO    | [ENGINE] Environment: SIM
2026-02-14 13:28:25 | INFO    | [ENGINE] Account: SIM3170696M
2026-02-14 13:28:25 | INFO    | [AUTH] Token refreshed successfully
2026-02-14 13:28:26 | INFO    | [ENGINE] Account balance: $1,098,303.00
2026-02-14 13:28:26 | INFO    | [DATA] Loading historical 5-min bars...
2026-02-14 13:28:26 | INFO    | [DATA] Loaded 100 bars, indicators computed
2026-02-14 13:28:26 | INFO    | [STREAM] Opening bar stream for $SPX.X (5min)
2026-02-14 13:28:26 | INFO    | [ENGINE] Started thread: BarStream
2026-02-14 13:28:26 | INFO    | [STREAM] Opening order stream
2026-02-14 13:28:26 | INFO    | [ENGINE] Started thread: OrderStream
2026-02-14 13:28:26 | INFO    | [ENGINE] Started thread: PosMon
2026-02-14 13:28:26 | INFO    | [ENGINE] Started thread: Heartbeat
2026-02-14 13:28:26 | INFO    | [ENGINE] All threads started — engine is LIVE
2026-02-14 13:28:26 | INFO    | [STREAM] Bar stream connected
2026-02-14 13:28:26 | INFO    | [STREAM] Order stream connected
2026-02-14 13:28:52 | INFO    | [ENGINE] Keyboard interrupt — shutting down
2026-02-14 13:28:52 | INFO    | [ENGINE] Engine stop requested
2026-02-14 18:46:28 | INFO    | [DASHBOARD] Dashboard running at http://localhost:5000
2026-02-14 18:46:28 | INFO    | [ENGINE] ═══ SPX 0DTE Mean Reversion Engine Starting ═══
2026-02-14 18:46:28 | INFO    | [ENGINE] Environment: SIM
2026-02-14 18:46:28 | INFO    | [ENGINE] Account: SIM3170696M
2026-02-14 18:46:28 | INFO    | [AUTH] Token refreshed successfully
2026-02-14 18:46:28 | INFO    | [ENGINE] Account balance: $1,098,303.00
2026-02-14 18:46:28 | INFO    | [DATA] Loading historical 5-min bars...
2026-02-14 18:46:28 | INFO    | [DATA] Loaded 100 bars, indicators computed
2026-02-14 18:46:28 | INFO    | [STREAM] Opening bar stream for $SPX.X (5min)
2026-02-14 18:46:28 | INFO    | [ENGINE] Started thread: BarStream
2026-02-14 18:46:28 | INFO    | [STREAM] Opening order stream
2026-02-14 18:46:28 | INFO    | [ENGINE] Started thread: OrderStream
2026-02-14 18:46:28 | INFO    | [ENGINE] Started thread: PosMon
2026-02-14 18:46:28 | INFO    | [SUMMARY] 📊 *Daily Summary*
Trades: 0 | Wins: 0 | Losses: 0
Win Rate: 0%
Daily P/L: $+0.00
Account: $1,098,303.00
2026-02-14 18:46:28 | INFO    | [ENGINE] Started thread: Heartbeat
2026-02-14 18:46:28 | INFO    | [ENGINE] All threads started — engine is LIVE
2026-02-14 18:46:29 | INFO    | [STREAM] Bar stream connected
2026-02-14 18:46:29 | INFO    | [STREAM] Order stream connected
2026-02-14 18:47:40 | INFO    | [ENGINE] Keyboard interrupt — shutting down
2026-02-14 18:47:40 | INFO    | [ENGINE] Engine stop requested
2026-02-14 18:49:06 | INFO    | [DASHBOARD] Dashboard running at http://localhost:5000
2026-02-14 18:49:06 | INFO    | [ENGINE] ═══ SPX 0DTE Mean Reversion Engine Starting ═══
2026-02-14 18:49:06 | INFO    | [ENGINE] Environment: SIM
2026-02-14 18:49:06 | INFO    | [ENGINE] Account: SIM3170696M
2026-02-14 18:49:06 | INFO    | [AUTH] Token refreshed successfully
2026-02-14 18:49:06 | INFO    | [ENGINE] Account balance: $1,098,303.00
2026-02-14 18:49:06 | INFO    | [DATA] Loading historical 5-min bars...
2026-02-14 18:49:06 | INFO    | [DATA] Loaded 100 bars, indicators computed
2026-02-14 18:49:06 | INFO    | [STREAM] Opening bar stream for $SPX.X (5min)
2026-02-14 18:49:06 | INFO    | [ENGINE] Started thread: BarStream
2026-02-14 18:49:06 | INFO    | [STREAM] Opening order stream
2026-02-14 18:49:06 | INFO    | [ENGINE] Started thread: OrderStream
2026-02-14 18:49:06 | INFO    | [ENGINE] Started thread: PosMon
2026-02-14 18:49:06 | INFO    | [SUMMARY] 📊 *Daily Summary*
Trades: 0 | Wins: 0 | Losses: 0
Win Rate: 0%
Daily P/L: $+0.00
Account: $1,098,303.00
2026-02-14 18:49:06 | INFO    | [ENGINE] Started thread: Heartbeat
2026-02-14 18:49:06 | INFO    | [ENGINE] All threads started — engine is LIVE
2026-02-14 18:49:06 | INFO    | [STREAM] Bar stream connected
2026-02-14 18:49:07 | INFO    | [STREAM] Order stream connected
2026-02-14 18:49:35 | INFO    | [ENGINE] Keyboard interrupt — shutting down
2026-02-14 18:49:35 | INFO    | [ENGINE] Engine stop requested
2026-02-14 20:09:03 | INFO    | [DASHBOARD] Dashboard running at http://localhost:5000
2026-02-14 20:09:03 | INFO    | [ENGINE] ═══ SPX 0DTE Mean Reversion Engine Starting ═══
2026-02-14 20:09:03 | INFO    | [ENGINE] Environment: SIM
2026-02-14 20:09:03 | INFO    | [ENGINE] Account: SIM3170696M
2026-02-14 20:09:03 | INFO    | [AUTH] Token refreshed successfully
2026-02-14 20:09:03 | INFO    | [ENGINE] Account balance: $1,098,303.00
2026-02-14 20:09:03 | INFO    | [DATA] Loading historical 5-min bars...
2026-02-14 20:09:03 | INFO    | [DATA] Loaded 100 bars, indicators computed
2026-02-14 20:09:03 | INFO    | [STREAM] Opening bar stream for $SPX.X (5min)
2026-02-14 20:09:03 | INFO    | [ENGINE] Started thread: BarStream
2026-02-14 20:09:04 | INFO    | [STREAM] Opening order stream
2026-02-14 20:09:04 | INFO    | [ENGINE] Started thread: OrderStream
2026-02-14 20:09:04 | INFO    | [ENGINE] Started thread: PosMon
2026-02-14 20:09:04 | INFO    | [SUMMARY] 📊 *Daily Summary*
Trades: 0 | Wins: 0 | Losses: 0
Win Rate: 0%
Daily P/L: $+0.00
Account: $1,098,303.00
2026-02-14 20:09:04 | INFO    | [ENGINE] Started thread: Heartbeat
2026-02-14 20:09:04 | INFO    | [ENGINE] All threads started — engine is LIVE
2026-02-14 20:09:04 | INFO    | [STREAM] Bar stream connected
2026-02-14 20:09:04 | INFO    | [STREAM] Order stream connected
2026-02-15 03:40:42 | INFO    | [DASHBOARD] Dashboard running at http://localhost:5000
2026-02-15 03:40:42 | INFO    | [ENGINE] ═══ SPX 0DTE Mean Reversion Engine Starting ═══
2026-02-15 03:40:42 | INFO    | [ENGINE] Environment: SIM
2026-02-15 03:40:42 | INFO    | [ENGINE] Account: SIM3170696M
2026-02-15 03:40:42 | INFO    | [AUTH] Token refreshed successfully
2026-02-15 03:40:42 | INFO    | [ENGINE] Account balance: $1,098,303.00
2026-02-15 03:40:42 | INFO    | [DATA] Loading historical 5-min bars...
2026-02-15 03:40:43 | INFO    | [DATA] Loaded 100 bars, indicators computed
2026-02-15 03:40:43 | INFO    | [STREAM] Opening bar stream for $SPX.X (5min)
2026-02-15 03:40:43 | INFO    | [ENGINE] Started thread: BarStream
2026-02-15 03:40:43 | INFO    | [STREAM] Opening order stream
2026-02-15 03:40:43 | INFO    | [ENGINE] Started thread: OrderStream
2026-02-15 03:40:43 | INFO    | [ENGINE] Started thread: PosMon
2026-02-15 03:40:43 | INFO    | [ENGINE] Started thread: Heartbeat
2026-02-15 03:40:43 | INFO    | [ENGINE] All threads started — engine is LIVE
2026-02-15 03:40:43 | INFO    | [STREAM] Bar stream connected
2026-02-15 03:40:43 | INFO    | [STREAM] Order stream connected
2026-02-15 03:44:02 | INFO    | [ENGINE] Keyboard interrupt — shutting down
2026-02-15 03:44:02 | INFO    | [ENGINE] Engine stop requested
2026-02-15 13:55:07 | INFO    | [DASHBOARD] Dashboard running at http://localhost:5000
2026-02-15 13:55:07 | INFO    | [ENGINE] ═══ SPX 0DTE Mean Reversion Engine Starting ═══
2026-02-15 13:55:07 | INFO    | [ENGINE] Environment: SIM
2026-02-15 13:55:07 | INFO    | [ENGINE] Account: SIM3170696M
2026-02-15 13:55:07 | INFO    | [AUTH] Token refreshed successfully
2026-02-15 13:55:07 | INFO    | [ENGINE] Account balance: $1,098,303.00
2026-02-15 13:55:07 | INFO    | [DATA] Loading historical 5-min bars...
2026-02-15 13:55:07 | INFO    | [DATA] Loaded 100 bars, indicators computed
2026-02-15 13:55:07 | INFO    | [STREAM] Opening bar stream for $SPX.X (5min)
2026-02-15 13:55:07 | INFO    | [ENGINE] Started thread: BarStream
2026-02-15 13:55:07 | INFO    | [STREAM] Opening order stream
2026-02-15 13:55:07 | INFO    | [ENGINE] Started thread: OrderStream
2026-02-15 13:55:07 | INFO    | [ENGINE] Started thread: PosMon
2026-02-15 13:55:07 | INFO    | [ENGINE] Started thread: Heartbeat
2026-02-15 13:55:07 | INFO    | [ENGINE] All threads started — engine is LIVE
2026-02-15 13:55:07 | INFO    | [STREAM] Bar stream connected
2026-02-15 13:55:08 | INFO    | [STREAM] Order stream connected
2026-02-15 13:55:59 | INFO    | [ENGINE] Keyboard interrupt — shutting down
2026-02-15 13:55:59 | INFO    | [ENGINE] Engine stop requested
2026-02-15 14:19:43 | INFO    | [DASHBOARD] Dashboard running at http://localhost:5000
2026-02-15 14:19:43 | INFO    | [ENGINE] ═══ SPX 0DTE Mean Reversion Engine Starting ═══
2026-02-15 14:19:43 | INFO    | [ENGINE] Environment: SIM
2026-02-15 14:19:43 | INFO    | [ENGINE] Account: SIM3170696M
2026-02-15 14:19:43 | INFO    | [AUTH] Token refreshed successfully
2026-02-15 14:19:43 | INFO    | [ENGINE] Account balance: $1,098,303.00
2026-02-15 14:19:43 | INFO    | [DATA] Loading historical 5-min bars...
2026-02-15 14:19:43 | INFO    | [DATA] Loaded 100 bars, indicators computed
2026-02-15 14:19:43 | INFO    | [STREAM] Opening bar stream for $SPX.X (5min)
2026-02-15 14:19:43 | INFO    | [ENGINE] Started thread: BarStream
2026-02-15 14:19:43 | INFO    | [STREAM] Opening order stream
2026-02-15 14:19:43 | INFO    | [ENGINE] Started thread: OrderStream
2026-02-15 14:19:43 | INFO    | [ENGINE] Started thread: PosMon
2026-02-15 14:19:43 | INFO    | [ENGINE] Started thread: Heartbeat
2026-02-15 14:19:43 | INFO    | [ENGINE] All threads started — engine is LIVE
2026-02-15 14:19:43 | INFO    | [STREAM] Bar stream connected
2026-02-15 14:19:43 | INFO    | [STREAM] Order stream connected
2026-02-15 14:20:42 | INFO    | [ENGINE] Keyboard interrupt — shutting down
2026-02-15 14:20:42 | INFO    | [ENGINE] Engine stop requested
2026-02-15 14:21:33 | INFO    | [DASHBOARD] Dashboard running at http://localhost:5000
2026-02-15 14:21:33 | INFO    | [ENGINE] ═══ SPX 0DTE Mean Reversion Engine Starting ═══
2026-02-15 14:21:33 | INFO    | [ENGINE] Environment: SIM
2026-02-15 14:21:33 | INFO    | [ENGINE] Account: SIM3170696M
2026-02-15 14:21:33 | INFO    | [AUTH] Token refreshed successfully
2026-02-15 14:21:33 | INFO    | [ENGINE] Account balance: $1,098,303.00
2026-02-15 14:21:33 | INFO    | [DATA] Loading historical 5-min bars...
2026-02-15 14:21:33 | INFO    | [DATA] Loaded 100 bars, indicators computed
2026-02-15 14:21:33 | INFO    | [STREAM] Opening bar stream for $SPX.X (5min)
2026-02-15 14:21:33 | INFO    | [ENGINE] Started thread: BarStream
2026-02-15 14:21:33 | INFO    | [STREAM] Opening order stream
2026-02-15 14:21:33 | INFO    | [ENGINE] Started thread: OrderStream
2026-02-15 14:21:33 | INFO    | [ENGINE] Started thread: PosMon
2026-02-15 14:21:33 | INFO    | [ENGINE] Started thread: Heartbeat
2026-02-15 14:21:33 | INFO    | [ENGINE] All threads started — engine is LIVE
2026-02-15 14:21:33 | INFO    | [STREAM] Bar stream connected
2026-02-15 14:21:34 | INFO    | [STREAM] Order stream connected
2026-02-15 14:22:00 | INFO    | [ENGINE] Keyboard interrupt — shutting down
2026-02-15 14:22:00 | INFO    | [ENGINE] Engine stop requested
2026-02-15 14:51:37 | INFO    | [DASHBOARD] Dashboard running at http://localhost:5000
2026-02-15 14:51:37 | INFO    | [ENGINE] ═══ SPX 0DTE Mean Reversion Engine Starting ═══
2026-02-15 14:51:37 | INFO    | [ENGINE] Environment: SIM
2026-02-15 14:51:37 | INFO    | [ENGINE] Account: SIM3170696M
2026-02-15 14:51:37 | INFO    | [AUTH] Token refreshed successfully
2026-02-15 14:51:38 | INFO    | [ENGINE] Account balance: $1,098,303.00
2026-02-15 14:51:38 | INFO    | [DATA] Loading historical 5-min bars...
2026-02-15 14:51:38 | INFO    | [DATA] Loaded 100 bars, indicators computed
2026-02-15 14:51:38 | INFO    | [STREAM] Opening bar stream for $SPX.X (5min)
2026-02-15 14:51:38 | INFO    | [ENGINE] Started thread: BarStream
2026-02-15 14:51:38 | INFO    | [STREAM] Opening order stream
2026-02-15 14:51:38 | INFO    | [ENGINE] Started thread: OrderStream
2026-02-15 14:51:38 | INFO    | [ENGINE] Started thread: PosMon
2026-02-15 14:51:38 | INFO    | [ENGINE] Started thread: Heartbeat
2026-02-15 14:51:38 | INFO    | [ENGINE] All threads started — engine is LIVE
2026-02-15 14:51:38 | INFO    | [STREAM] Bar stream connected
2026-02-15 14:51:38 | INFO    | [STREAM] Order stream connected
2026-02-15 14:51:57 | INFO    | [ENGINE] Keyboard interrupt — shutting down
2026-02-15 14:51:57 | INFO    | [ENGINE] Engine stop requested
2026-02-15 14:56:34 | INFO    | [DASHBOARD] Dashboard running at http://localhost:5000
2026-02-15 14:56:34 | INFO    | [ENGINE] ═══ SPX 0DTE Mean Reversion Engine Starting ═══
2026-02-15 14:56:34 | INFO    | [ENGINE] Environment: SIM
2026-02-15 14:56:34 | INFO    | [ENGINE] Account: SIM3170696M
2026-02-15 14:56:34 | INFO    | [AUTH] Token refreshed successfully
2026-02-15 14:56:34 | INFO    | [ENGINE] Account balance: $1,098,303.00
2026-02-15 14:56:34 | INFO    | [DATA] Loading historical 5-min bars...
2026-02-15 14:56:34 | INFO    | [DATA] Loaded 100 bars, indicators computed
2026-02-15 14:56:34 | INFO    | [STREAM] Opening bar stream for $SPX.X (5min)
2026-02-15 14:56:34 | INFO    | [ENGINE] Started thread: BarStream
2026-02-15 14:56:34 | INFO    | [STREAM] Opening order stream
2026-02-15 14:56:34 | INFO    | [ENGINE] Started thread: OrderStream
2026-02-15 14:56:34 | INFO    | [ENGINE] Started thread: PosMon
2026-02-15 14:56:34 | INFO    | [ENGINE] Started thread: Heartbeat
2026-02-15 14:56:34 | INFO    | [ENGINE] All threads started — engine is LIVE
2026-02-15 14:56:34 | INFO    | [STREAM] Bar stream connected
2026-02-15 14:56:34 | INFO    | [STREAM] Order stream connected
